<?xml version="1.0" encoding="UTF-8"?>
<!-- Generated by org.testng.reporters.JUnitReportReporter -->
<testsuite hostname="PC-Home" failures="0" tests="3" name="tests.SearchTest" time="43.555" errors="0" timestamp="2023-01-14T16:56:13 EST" skipped="0">
  <testcase classname="tests.SearchTest" name="searchWithValidProductName" time="20.313"/>
  <system-out/>
  <testcase classname="tests.SearchTest" name="searchWithInvalidProductName" time="11.118"/>
  <system-out/>
  <testcase classname="tests.SearchTest" name="searchByNotProvidingAnyProductName" time="12.124"/>
  <system-out/>
</testsuite> <!-- tests.SearchTest -->
